# JRE version: OpenJDK Runtime Environment (17.0.2+8) (build 17.0.2+8-86)
# Java VM: OpenJDK 64-Bit Server VM (17.0.2+8-86, mixed mode, sharing, tiered, compressed oops, compressed class ptrs, g1 gc, windows-amd64)
GC Precious Log:
 CPUs: 8 total, 8 available
 Memory: 7926M
 Large Page Support: Disabled
 NUMA Support: Disabled
 Compressed Oops: Enabled (32-bit)
 Heap Region Size: 1M
 Heap Min Capacity: 256M
 Heap Initial Capacity: 256M
 Heap Max Capacity: 512M
 Pre-touch: Disabled
 Parallel Workers: 8
 Concurrent Workers: 2
 Concurrent Refinement Workers: 8
 Periodic GC: Disabled
Heap:
 garbage-first heap   total 262144K, used 71713K [0x00000000e0000000, 0x0000000100000000)
  region size 1024K, 28 young (28672K), 5 survivors (5120K)
 Metaspace       used 61498K, committed 62080K, reserved 372736K
  class space    used 8192K, committed 8512K, reserved 315392K
GC Heap History (20 events):
Event: 2.726 GC heap before
{Heap before GC invocations=0 (full 0):
 garbage-first heap   total 262144K, used 26624K [0x00000000e0000000, 0x0000000100000000)
  region size 1024K, 23 young (23552K), 0 survivors (0K)
 Metaspace       used 3061K, committed 3200K, reserved 323584K
  class space    used 393K, committed 448K, reserved 315392K
}
Event: 2.733 GC heap after
{Heap after GC invocations=1 (full 0):
 garbage-first heap   total 262144K, used 10695K [0x00000000e0000000, 0x0000000100000000)
  region size 1024K, 3 young (3072K), 3 survivors (3072K)
 Metaspace       used 3061K, committed 3200K, reserved 323584K
  class space    used 393K, committed 448K, reserved 315392K
}
Event: 3.690 GC heap before
{Heap before GC invocations=1 (full 0):
 garbage-first heap   total 262144K, used 38343K [0x00000000e0000000, 0x0000000100000000)
  region size 1024K, 30 young (30720K), 3 survivors (3072K)
 Metaspace       used 4031K, committed 4160K, reserved 323584K
  class space    used 496K, committed 576K, reserved 315392K
}
Event: 3.695 GC heap after
{Heap after GC invocations=2 (full 0):
 garbage-first heap   total 262144K, used 11387K [0x00000000e0000000, 0x0000000100000000)
  region size 1024K, 1 young (1024K), 1 survivors (1024K)
 Metaspace       used 4031K, committed 4160K, reserved 323584K
  class space    used 496K, committed 576K, reserved 315392K
}
Event: 11.004 GC heap before
{Heap before GC invocations=2 (full 0):
 garbage-first heap   total 262144K, used 127099K [0x00000000e0000000, 0x0000000100000000)
  region size 1024K, 114 young (116736K), 1 survivors (1024K)
 Metaspace       used 21231K, committed 21504K, reserved 339968K
  class space    used 3127K, committed 3264K, reserved 315392K
}
Event: 11.020 GC heap after
{Heap after GC invocations=3 (full 0):
 garbage-first heap   total 262144K, used 22366K [0x00000000e0000000, 0x0000000100000000)
  region size 1024K, 12 young (12288K), 12 survivors (12288K)
 Metaspace       used 21231K, committed 21504K, reserved 339968K
  class space    used 3127K, committed 3264K, reserved 315392K
}
Event: 14.787 GC heap before
{Heap before GC invocations=4 (full 0):
 garbage-first heap   total 262144K, used 138078K [0x00000000e0000000, 0x0000000100000000)
  region size 1024K, 122 young (124928K), 12 survivors (12288K)
 Metaspace       used 35585K, committed 35968K, reserved 348160K
  class space    used 4972K, committed 5184K, reserved 315392K
}
Event: 14.809 GC heap after
{Heap after GC invocations=5 (full 0):
 garbage-first heap   total 262144K, used 31281K [0x00000000e0000000, 0x0000000100000000)
  region size 1024K, 10 young (10240K), 10 survivors (10240K)
 Metaspace       used 35585K, committed 35968K, reserved 348160K
  class space    used 4972K, committed 5184K, reserved 315392K
}
Event: 20.177 GC heap before
{Heap before GC invocations=6 (full 0):
 garbage-first heap   total 262144K, used 163377K [0x00000000e0000000, 0x0000000100000000)
  region size 1024K, 137 young (140288K), 10 survivors (10240K)
 Metaspace       used 46910K, committed 47360K, reserved 356352K
  class space    used 6688K, committed 6912K, reserved 315392K
}
Event: 20.198 GC heap after
{Heap after GC invocations=7 (full 0):
 garbage-first heap   total 262144K, used 39001K [0x00000000e0000000, 0x0000000100000000)
  region size 1024K, 17 young (17408K), 17 survivors (17408K)
 Metaspace       used 46910K, committed 47360K, reserved 356352K
  class space    used 6688K, committed 6912K, reserved 315392K
}
Event: 30.952 GC heap before
{Heap before GC invocations=7 (full 0):
 garbage-first heap   total 262144K, used 177241K [0x00000000e0000000, 0x0000000100000000)
  region size 1024K, 153 young (156672K), 17 survivors (17408K)
 Metaspace       used 51987K, committed 52480K, reserved 364544K
  class space    used 7242K, committed 7488K, reserved 315392K
}
Event: 30.996 GC heap after
{Heap after GC invocations=8 (full 0):
 garbage-first heap   total 262144K, used 46109K [0x00000000e0000000, 0x0000000100000000)
  region size 1024K, 16 young (16384K), 16 survivors (16384K)
 Metaspace       used 51987K, committed 52480K, reserved 364544K
  class space    used 7242K, committed 7488K, reserved 315392K
}
Event: 204.761 GC heap before
{Heap before GC invocations=8 (full 0):
 garbage-first heap   total 262144K, used 185373K [0x00000000e0000000, 0x0000000100000000)
  region size 1024K, 153 young (156672K), 16 survivors (16384K)
 Metaspace       used 54013K, committed 54528K, reserved 364544K
  class space    used 7414K, committed 7680K, reserved 315392K
}
Event: 204.802 GC heap after
{Heap after GC invocations=9 (full 0):
 garbage-first heap   total 262144K, used 52095K [0x00000000e0000000, 0x0000000100000000)
  region size 1024K, 13 young (13312K), 13 survivors (13312K)
 Metaspace       used 54013K, committed 54528K, reserved 364544K
  class space    used 7414K, committed 7680K, reserved 315392K
}
Event: 237.552 GC heap before
{Heap before GC invocations=9 (full 0):
 garbage-first heap   total 262144K, used 194431K [0x00000000e0000000, 0x0000000100000000)
  region size 1024K, 153 young (156672K), 13 survivors (13312K)
 Metaspace       used 54804K, committed 55424K, reserved 364544K
  class space    used 7438K, committed 7744K, reserved 315392K
}
Event: 237.562 GC heap after
{Heap after GC invocations=10 (full 0):
 garbage-first heap   total 262144K, used 50670K [0x00000000e0000000, 0x0000000100000000)
  region size 1024K, 6 young (6144K), 6 survivors (6144K)
 Metaspace       used 54804K, committed 55424K, reserved 364544K
  class space    used 7438K, committed 7744K, reserved 315392K
}
Event: 530.837 GC heap before
{Heap before GC invocations=10 (full 0):
 garbage-first heap   total 262144K, used 200174K [0x00000000e0000000, 0x0000000100000000)
  region size 1024K, 153 young (156672K), 6 survivors (6144K)
 Metaspace       used 55126K, committed 55744K, reserved 364544K
  class space    used 7439K, committed 7744K, reserved 315392K
}
Event: 530.866 GC heap after
{Heap after GC invocations=11 (full 0):
 garbage-first heap   total 262144K, used 53063K [0x00000000e0000000, 0x0000000100000000)
  region size 1024K, 8 young (8192K), 8 survivors (8192K)
 Metaspace       used 55126K, committed 55744K, reserved 364544K
  class space    used 7439K, committed 7744K, reserved 315392K
}
Event: 1256.592 GC heap before
{Heap before GC invocations=11 (full 0):
 garbage-first heap   total 262144K, used 136007K [0x00000000e0000000, 0x0000000100000000)
  region size 1024K, 91 young (93184K), 8 survivors (8192K)
 Metaspace       used 59597K, committed 60160K, reserved 372736K
  class space    used 7956K, committed 8192K, reserved 315392K
}
Event: 1256.642 GC heap after
{Heap after GC invocations=12 (full 0):
 garbage-first heap   total 262144K, used 50209K [0x00000000e0000000, 0x0000000100000000)
  region size 1024K, 5 young (5120K), 5 survivors (5120K)
 Metaspace       used 59597K, committed 60160K, reserved 372736K
  class space    used 7956K, committed 8192K, reserved 315392K
}

